[    1235ms] [ERROR] Mixed Content: The page at 'https://www.3haitang.com/book/3348/' was loaded over HTTPS, but requested an insecure script 'http://apps.bdimg.com/libs/jquery/1.7.2/jquery.min.js'. This request has been blocked; the content must be served over HTTPS. @ https://www.3haitang.com/book/3348/:0
[    1589ms] ReferenceError: jQuery is not defined
    at https://www.3haitang.com/static/js/common.js:1:4489
[    2020ms] [ERROR] Failed to load resource: the server responded with a status of 404 () @ https://www.3haitang.com/files/article/image/3/3348/3348s.jpg:0
[    2023ms] TypeError: Cannot read properties of undefined (reading 'jieqiUserId')
    at login (https://www.3haitang.com/static/js/common.js:8:32)
    at https://www.3haitang.com/book/3348/:59:25
[    2024ms] ReferenceError: $ is not defined
    at readbook (https://www.3haitang.com/static/js/common.js:9:22)
    at https://www.3haitang.com/book/3348/:254:32
[   15964ms] [ERROR] Mixed Content: The page at 'https://www.3haitang.com/book/3348/405707.html' was loaded over HTTPS, but requested an insecure script 'http://apps.bdimg.com/libs/jquery/1.7.2/jquery.min.js'. This request has been blocked; the content must be served over HTTPS. @ https://www.3haitang.com/book/3348/405707.html:0
[   16079ms] ReferenceError: jQuery is not defined
    at https://www.3haitang.com/static/js/common.js:1:4489
[   16082ms] TypeError: Cannot read properties of undefined (reading 'jieqiUserId')
    at login (https://www.3haitang.com/static/js/common.js:8:32)
    at https://www.3haitang.com/book/3348/405707.html:48:25
[   16302ms] [WARNING] A parser-blocking, cross site (i.e. different eTLD+1) script, http://crs.baidu.com/t.js?siteId=f92857c95be2f244b30c2678ca58cc3e&planId=103674&async=0&referer=https%3A%2F%2Fwww.3haitang.com%2Fbook%2F3348%2F&title=%E5%88%86%E5%8D%B7%E9%98%85%E8%AF%BB1%20-%20%E8%93%AC%E8%8E%B1%E5%A6%96%E8%9B%87%2F%E5%A6%96%E8%9B%87(H)%20-%20%E8%80%BD%E7%BE%8E%E5%B0%8F%E8%AF%B4%20-%20%E6%B5%B7%E6%A3%A0%E4%B9%A6%E5%B1%8B&rnd=1772197257070, is invoked via document.write. The network request for this script MAY be blocked by the browser in this or a future page load due to poor network connectivity. If blocked in this page load, it will be confirmed in a subsequent console message. See https://www.chromestatus.com/feature/5718547946799104 for more details. @ https://www.3haitang.com/static/js/common.js:16
[   16302ms] [ERROR] Mixed Content: The page at 'https://www.3haitang.com/book/3348/405707.html' was loaded over HTTPS, but requested an insecure script 'http://crs.baidu.com/t.js?siteId=f92857c95be2f244b30c2678ca58cc3e&planId=103674&async=0&referer=https%3A%2F%2Fwww.3haitang.com%2Fbook%2F3348%2F&title=%E5%88%86%E5%8D%B7%E9%98%85%E8%AF%BB1%20-%20%E8%93%AC%E8%8E%B1%E5%A6%96%E8%9B%87%2F%E5%A6%96%E8%9B%87(H)%20-%20%E8%80%BD%E7%BE%8E%E5%B0%8F%E8%AF%B4%20-%20%E6%B5%B7%E6%A3%A0%E4%B9%A6%E5%B1%8B&rnd=1772197257070'. This request has been blocked; the content must be served over HTTPS. @ https://www.3haitang.com/static/js/common.js:16
[   16302ms] [WARNING] A parser-blocking, cross site (i.e. different eTLD+1) script, http://crs.baidu.com/t.js?siteId=f92857c95be2f244b30c2678ca58cc3e&planId=103674&async=0&referer=https%3A%2F%2Fwww.3haitang.com%2Fbook%2F3348%2F&title=%E5%88%86%E5%8D%B7%E9%98%85%E8%AF%BB1%20-%20%E8%93%AC%E8%8E%B1%E5%A6%96%E8%9B%87%2F%E5%A6%96%E8%9B%87(H)%20-%20%E8%80%BD%E7%BE%8E%E5%B0%8F%E8%AF%B4%20-%20%E6%B5%B7%E6%A3%A0%E4%B9%A6%E5%B1%8B&rnd=1772197257070, is invoked via document.write. The network request for this script MAY be blocked by the browser in this or a future page load due to poor network connectivity. If blocked in this page load, it will be confirmed in a subsequent console message. See https://www.chromestatus.com/feature/5718547946799104 for more details. @ https://www.3haitang.com/static/js/common.js:16
[   16390ms] Unexpected token '<'
